0 verbose cli D:\node.exe D:\node_modules\npm\bin\npm-cli.js
1 info using npm@10.9.2
2 info using node@v22.14.0
3 silly config load:file:D:\node_modules\npm\npmrc
4 silly config load:file:D:\Projetos\estudo\BotZone\.npmrc
5 silly config load:file:C:\Users\natanael\.npmrc
6 silly config load:file:C:\Users\natanael\AppData\Roaming\npm\etc\npmrc
7 verbose title npm exec sequelize db:migrate
8 verbose argv "exec" "--" "sequelize" "db:migrate"
9 verbose logfile logs-max:10 dir:D:\Projetos\estudo\BotZone\.npm-cache\_logs\2025-10-03T12_11_11_956Z-
10 verbose logfile D:\Projetos\estudo\BotZone\.npm-cache\_logs\2025-10-03T12_11_11_956Z-debug-0.log
11 silly logfile done cleaning log files
12 http fetch GET 200 https://registry.npmjs.org/npm 494ms
13 verbose cwd D:\Projetos\estudo\BotZone
14 verbose os Windows_NT 10.0.19045
15 verbose node v22.14.0
16 verbose npm  v10.9.2
17 notice
17 notice New [31mmajor[39m version of npm available! [31m10.9.2[39m -> [34m11.6.1[39m
17 notice Changelog: [34mhttps://github.com/npm/cli/releases/tag/v11.6.1[39m
17 notice To update run: [4mnpm install -g npm@11.6.1[24m
17 notice  { force: true, [Symbol(proc-log.meta)]: true }
18 verbose exit 1
19 verbose code 1
