0 verbose cli D:\node.exe D:\node_modules\npm\bin\npm-cli.js
1 info using npm@10.9.2
2 info using node@v22.14.0
3 silly config load:file:D:\node_modules\npm\npmrc
4 silly config load:file:D:\Projetos\estudo\BotZone\.npmrc
5 silly config load:file:C:\Users\natanael\.npmrc
6 silly config load:file:C:\Users\natanael\AppData\Roaming\npm\etc\npmrc
7 verbose title npm add bcryptjs
8 verbose argv "add" "bcryptjs"
9 verbose logfile logs-max:10 dir:D:\Projetos\estudo\BotZone\.npm-cache\_logs\2025-10-03T13_07_39_256Z-
10 verbose logfile D:\Projetos\estudo\BotZone\.npm-cache\_logs\2025-10-03T13_07_39_256Z-debug-0.log
11 silly logfile done cleaning log files
12 silly packumentCache heap:2197815296 maxSize:549453824 maxEntrySize:274726912
13 silly idealTree buildDeps
14 silly fetch manifest bcryptjs@*
15 silly packumentCache full:https://registry.npmjs.org/bcryptjs cache-miss
16 verbose shrinkwrap failed to load node_modules/.package-lock.json out of date, updated: node_modules
17 http fetch GET 200 https://registry.npmjs.org/bcryptjs 517ms (cache miss)
18 silly packumentCache full:https://registry.npmjs.org/bcryptjs set size:undefined disposed:false
19 silly placeDep ROOT bcryptjs@3.0.2 OK for: estrutura-moderna-para-crud@1.0.0 want: *
20 silly reify moves {}
21 silly audit bulk request {
21 silly audit   '@isaacs/cliui': [ '8.0.2' ],
21 silly audit   '@one-ini/wasm': [ '0.1.1' ],
21 silly audit   '@pkgjs/parseargs': [ '0.11.0' ],
21 silly audit   '@types/debug': [ '4.1.12' ],
21 silly audit   '@types/ms': [ '2.1.0' ],
21 silly audit   '@types/node': [ '24.0.14' ],
21 silly audit   '@types/validator': [ '13.15.2' ],
21 silly audit   abbrev: [ '2.0.0' ],
21 silly audit   accepts: [ '2.0.0' ],
21 silly audit   'ansi-regex': [ '6.1.0', '5.0.1' ],
21 silly audit   'ansi-styles': [ '6.2.1', '4.3.0' ],
21 silly audit   anymatch: [ '3.1.3' ],
21 silly audit   'at-least-node': [ '1.0.0' ],
21 silly audit   'balanced-match': [ '1.0.2' ],
21 silly audit   'binary-extensions': [ '2.3.0' ],
21 silly audit   bluebird: [ '3.7.2' ],
21 silly audit   'body-parser': [ '2.2.0' ],
21 silly audit   'brace-expansion': [ '1.1.12', '2.0.2' ],
21 silly audit   braces: [ '3.0.3' ],
21 silly audit   bytes: [ '3.1.2' ],
21 silly audit   'call-bind-apply-helpers': [ '1.0.2' ],
21 silly audit   'call-bound': [ '1.0.4' ],
21 silly audit   chokidar: [ '3.6.0' ],
21 silly audit   cliui: [ '7.0.4' ],
21 silly audit   'emoji-regex': [ '8.0.0', '9.2.2' ],
21 silly audit   'string-width': [ '4.2.3', '5.1.2' ],
21 silly audit   'strip-ansi': [ '6.0.1', '7.1.0' ],
21 silly audit   'wrap-ansi': [ '7.0.0', '8.1.0' ],
21 silly audit   'color-convert': [ '2.0.1' ],
21 silly audit   'color-name': [ '1.1.4' ],
21 silly audit   commander: [ '10.0.1' ],
21 silly audit   'concat-map': [ '0.0.1' ],
21 silly audit   'config-chain': [ '1.1.13' ],
21 silly audit   'content-disposition': [ '1.0.0' ],
21 silly audit   'content-type': [ '1.0.5' ],
21 silly audit   cookie: [ '0.7.2' ],
21 silly audit   'cookie-signature': [ '1.2.2' ],
21 silly audit   'cross-spawn': [ '7.0.6' ],
21 silly audit   'date-fns': [ '4.1.0' ],
21 silly audit   debug: [ '4.4.1' ],
21 silly audit   depd: [ '2.0.0' ],
21 silly audit   dottie: [ '2.0.6' ],
21 silly audit   'dunder-proto': [ '1.0.1' ],
21 silly audit   eastasianwidth: [ '0.2.0' ],
21 silly audit   editorconfig: [ '1.0.4' ],
21 silly audit   minimatch: [ '9.0.1', '9.0.5', '3.1.2' ],
21 silly audit   'ee-first': [ '1.1.1' ],
21 silly audit   encodeurl: [ '2.0.0' ],
21 silly audit   'es-define-property': [ '1.0.1' ],
21 silly audit   'es-errors': [ '1.3.0' ],
21 silly audit   'es-object-atoms': [ '1.1.1' ],
21 silly audit   escalade: [ '3.2.0' ],
21 silly audit   'escape-html': [ '1.0.3' ],
21 silly audit   etag: [ '1.8.1' ],
21 silly audit   express: [ '5.1.0' ],
21 silly audit   'fill-range': [ '7.1.1' ],
21 silly audit   finalhandler: [ '2.1.0' ],
21 silly audit   'foreground-child': [ '3.3.1' ],
21 silly audit   forwarded: [ '0.2.0' ],
21 silly audit   fresh: [ '2.0.0' ],
21 silly audit   'fs-extra': [ '9.1.0' ],
21 silly audit   fsevents: [ '2.3.3' ],
21 silly audit   'function-bind': [ '1.1.2' ],
21 silly audit   'get-caller-file': [ '2.0.5' ],
21 silly audit   'get-intrinsic': [ '1.3.0' ],
21 silly audit   'get-proto': [ '1.0.1' ],
21 silly audit   glob: [ '10.4.5' ],
21 silly audit   'glob-parent': [ '5.1.2' ],
21 silly audit   gopd: [ '1.2.0' ],
21 silly audit   'graceful-fs': [ '4.2.11' ],
21 silly audit   'has-flag': [ '3.0.0' ],
21 silly audit   'has-symbols': [ '1.1.0' ],
21 silly audit   hasown: [ '2.0.2' ],
21 silly audit   'http-errors': [ '2.0.0' ],
21 silly audit   statuses: [ '2.0.1', '2.0.2' ],
21 silly audit   'iconv-lite': [ '0.6.3' ],
21 silly audit   'ignore-by-default': [ '1.0.1' ],
21 silly audit   inflection: [ '1.13.4' ],
21 silly audit   inherits: [ '2.0.4' ],
21 silly audit   ini: [ '1.3.8' ],
21 silly audit   'ipaddr.js': [ '1.9.1' ],
21 silly audit   'is-binary-path': [ '2.1.0' ],
21 silly audit   'is-core-module': [ '2.16.1' ],
21 silly audit   'is-extglob': [ '2.1.1' ],
21 silly audit   'is-fullwidth-code-point': [ '3.0.0' ],
21 silly audit   'is-glob': [ '4.0.3' ],
21 silly audit   'is-number': [ '7.0.0' ],
21 silly audit   'is-promise': [ '4.0.0' ],
21 silly audit   isexe: [ '2.0.0' ],
21 silly audit   jackspeak: [ '3.4.3' ],
21 silly audit   'js-beautify': [ '1.15.4' ],
21 silly audit   'js-cookie': [ '3.0.5' ],
21 silly audit   jsonfile: [ '6.1.0' ],
21 silly audit   lodash: [ '4.17.21' ],
21 silly audit   'lru-cache': [ '10.4.3' ],
21 silly audit   'math-intrinsics': [ '1.1.0' ],
21 silly audit   'media-typer': [ '1.1.0' ],
21 silly audit   'merge-descriptors': [ '2.0.0' ],
21 silly audit   'mime-db': [ '1.54.0' ],
21 silly audit   'mime-types': [ '3.0.1' ],
21 silly audit   minipass: [ '7.1.2' ],
21 silly audit   moment: [ '2.30.1' ],
21 silly audit   'moment-timezone': [ '0.5.48' ],
21 silly audit   ms: [ '2.1.3' ],
21 silly audit   negotiator: [ '1.0.0' ],
21 silly audit   nodemon: [ '3.1.10' ],
21 silly audit   nopt: [ '7.2.1' ],
21 silly audit   'normalize-path': [ '3.0.0' ],
21 silly audit   'object-inspect': [ '1.13.4' ],
21 silly audit   'on-finished': [ '2.4.1' ],
21 silly audit   once: [ '1.4.0' ],
21 silly audit   'package-json-from-dist': [ '1.0.1' ],
21 silly audit   parseurl: [ '1.3.3' ],
21 silly audit   'path-key': [ '3.1.1' ],
21 silly audit   'path-parse': [ '1.0.7' ],
21 silly audit   'path-scurry': [ '1.11.1' ],
21 silly audit   'path-to-regexp': [ '8.2.0' ],
21 silly audit   pg: [ '8.16.3' ],
21 silly audit   'pg-cloudflare': [ '1.2.7' ],
21 silly audit   'pg-connection-string': [ '2.9.1' ],
21 silly audit   'pg-hstore': [ '2.3.4' ],
21 silly audit   'pg-int8': [ '1.0.1' ],
21 silly audit   'pg-pool': [ '3.10.1' ],
21 silly audit   'pg-protocol': [ '1.10.3' ],
21 silly audit   'pg-types': [ '2.2.0' ],
21 silly audit   pgpass: [ '1.0.5' ],
21 silly audit   picocolors: [ '1.1.1' ],
21 silly audit   picomatch: [ '2.3.1' ],
21 silly audit   'postgres-array': [ '2.0.0' ],
21 silly audit   'postgres-bytea': [ '1.0.0' ],
21 silly audit   'postgres-date': [ '1.0.7' ],
21 silly audit   'postgres-interval': [ '1.2.0' ],
21 silly audit   'property-expr': [ '2.0.6' ],
21 silly audit   'proto-list': [ '1.2.4' ],
21 silly audit   'proxy-addr': [ '2.0.7' ],
21 silly audit   'pstree.remy': [ '1.1.8' ],
21 silly audit   qs: [ '6.14.0' ],
21 silly audit   'range-parser': [ '1.2.1' ],
21 silly audit   'raw-body': [ '3.0.0' ],
21 silly audit   readdirp: [ '3.6.0' ],
21 silly audit   'require-directory': [ '2.1.1' ],
21 silly audit   resolve: [ '1.22.10' ],
21 silly audit   'retry-as-promised': [ '7.1.1' ],
21 silly audit   router: [ '2.2.0' ],
21 silly audit   'safe-buffer': [ '5.2.1' ],
21 silly audit   'safer-buffer': [ '2.1.2' ],
21 silly audit   semver: [ '7.7.2' ],
21 silly audit   send: [ '1.2.0' ],
21 silly audit   sequelize: [ '6.37.7' ],
21 silly audit   'sequelize-cli': [ '6.6.3' ],
21 silly audit   'sequelize-pool': [ '7.1.0' ],
21 silly audit   'serve-static': [ '2.2.0' ],
21 silly audit   setprototypeof: [ '1.2.0' ],
21 silly audit   'shebang-command': [ '2.0.0' ],
21 silly audit   'shebang-regex': [ '3.0.0' ],
21 silly audit   'side-channel': [ '1.1.0' ],
21 silly audit   'side-channel-list': [ '1.0.0' ],
21 silly audit   'side-channel-map': [ '1.0.1' ],
21 silly audit   'side-channel-weakmap': [ '1.0.2' ],
21 silly audit   'signal-exit': [ '4.1.0' ],
21 silly audit   'simple-update-notifier': [ '2.0.0' ],
21 silly audit   split2: [ '4.2.0' ],
21 silly audit   'supports-color': [ '5.5.0' ],
21 silly audit   'supports-preserve-symlinks-flag': [ '1.0.0' ],
21 silly audit   'tiny-case': [ '1.0.3' ],
21 silly audit   'to-regex-range': [ '5.0.1' ],
21 silly audit   toidentifier: [ '1.0.1' ],
21 silly audit   toposort: [ '2.0.2' ],
21 silly audit   'toposort-class': [ '1.0.1' ],
21 silly audit   touch: [ '3.1.1' ],
21 silly audit   'type-fest': [ '2.19.0' ],
21 silly audit   'type-is': [ '2.0.1' ],
21 silly audit   umzug: [ '2.3.0' ],
21 silly audit   undefsafe: [ '2.0.5' ],
21 silly audit   underscore: [ '1.13.7' ],
21 silly audit   'undici-types': [ '7.8.0' ],
21 silly audit   universalify: [ '2.0.1' ],
21 silly audit   unpipe: [ '1.0.0' ],
21 silly audit   uuid: [ '8.3.2' ],
21 silly audit   validator: [ '13.15.15' ],
21 silly audit   vary: [ '1.1.2' ],
21 silly audit   which: [ '2.0.2' ],
21 silly audit   wkx: [ '0.5.0' ],
21 silly audit   wrappy: [ '1.0.2' ],
21 silly audit   xtend: [ '4.0.2' ],
21 silly audit   y18n: [ '5.0.8' ],
21 silly audit   yargs: [ '16.2.0' ],
21 silly audit   'yargs-parser': [ '20.2.9' ],
21 silly audit   yup: [ '1.6.1' ],
21 silly audit   bcryptjs: [ '3.0.2' ]
21 silly audit }
22 verbose reify failed optional dependency D:\Projetos\estudo\BotZone\node_modules\fsevents
23 silly reify mark deleted [ 'D:\\Projetos\\estudo\\BotZone\\node_modules\\fsevents' ]
24 http cache bcryptjs@https://registry.npmjs.org/bcryptjs/-/bcryptjs-3.0.2.tgz 0ms (cache hit)
25 silly tarball no local data for bcryptjs@https://registry.npmjs.org/bcryptjs/-/bcryptjs-3.0.2.tgz. Extracting by manifest.
26 http fetch GET 200 https://registry.npmjs.org/bcryptjs/-/bcryptjs-3.0.2.tgz 301ms (cache miss)
27 http fetch POST 200 https://registry.npmjs.org/-/npm/v1/security/advisories/bulk 478ms
28 silly audit report {}
29 silly ADD node_modules/bcryptjs
30 silly ADD
31 verbose cwd D:\Projetos\estudo\BotZone
32 verbose os Windows_NT 10.0.19045
33 verbose node v22.14.0
34 verbose npm  v10.9.2
35 verbose exit 0
36 info ok
